<?xml version="1.0" encoding="utf-8"?><testsuites name="pytest tests"><testsuite name="pytest" errors="0" failures="0" skipped="0" tests="8" time="2.181" timestamp="2026-09-03T07:00:30.295844+00:00" hostname="agent-env-5a111346-0ec6-4cb0-820f-15afec6b2d10"><testcase classname="tests.test_media.TestMediaUploadSuccess" name="test_upload_png_logo" time="1.201" /><testcase classname="tests.test_media.TestMediaUploadValidation" name="test_reject_wrong_ext" time="0.908" /><testcase classname="tests.test_media.TestMediaUploadValidation" name="test_reject_video_on_non_header_field" time="0.308" /><testcase classname="tests.test_media.TestMediaUploadSuccess" name="test_upload_header_video_mp4" time="0.246" /><testcase classname="tests.test_media.TestMediaUploadValidation" name="test_reject_oversized_image" time="0.355" /><testcase classname="tests.test_media.TestMediaUploadSuccess" name="test_unknown_file_path_returns_404" time="0.102" /><testcase classname="tests.test_media.TestPublicSeedIntact" name="test_seed_public" time="0.127" /><testcase classname="tests.test_media.TestMediaUploadAuth" name="test_upload_requires_auth" time="0.099" /></testsuite></testsuites>