<?xml version="1.0" encoding="utf-8"?><testsuites name="pytest tests"><testsuite name="pytest" errors="0" failures="0" skipped="0" tests="24" time="6.317" timestamp="2026-09-03T06:45:53.782873+00:00" hostname="agent-env-5a111346-0ec6-4cb0-820f-15afec6b2d10"><testcase classname="tests.test_auth" name="test_login_success" time="0.483" /><testcase classname="tests.test_auth" name="test_login_wrong_password_returns_401_pt_br" time="0.281" /><testcase classname="tests.test_auth" name="test_login_unknown_email_returns_401" time="0.055" /><testcase classname="tests.test_auth" name="test_me_without_token_401" time="0.055" /><testcase classname="tests.test_auth" name="test_me_with_token_returns_user" time="0.336" /><testcase classname="tests.test_auth" name="test_clientes_get_requires_auth" time="0.054" /><testcase classname="tests.test_auth" name="test_clientes_post_requires_auth" time="0.056" /><testcase classname="tests.test_auth" name="test_clientes_get_with_auth_works" time="0.057" /><testcase classname="tests.test_auth" name="test_public_endpoint_no_auth" time="0.058" /><testcase classname="tests.test_auth" name="test_admin_seed_idempotent_only_one_user_can_login" time="0.555" /><testcase classname="tests.test_change_password" name="test_change_password_requires_token" time="0.153" /><testcase classname="tests.test_change_password" name="test_change_password_mismatch" time="0.375" /><testcase classname="tests.test_change_password" name="test_change_password_too_short" time="0.075" /><testcase classname="tests.test_change_password" name="test_change_password_wrong_current" time="0.303" /><testcase classname="tests.test_change_password" name="test_change_password_valid_flow_and_restore" time="1.972" /><testcase classname="tests.test_change_password" name="test_public_endpoint_still_open" time="0.076" /><testcase classname="tests.test_clientes" name="test_list_includes_seed" time="0.430" /><testcase classname="tests.test_clientes" name="test_seed_is_idempotent" time="0.069" /><testcase classname="tests.test_clientes" name="test_create_valid_client" time="0.133" /><testcase classname="tests.test_clientes" name="test_create_invalid_slug" time="0.064" /><testcase classname="tests.test_clientes" name="test_create_duplicate_slug" time="0.065" /><testcase classname="tests.test_clientes" name="test_update_and_delete_client" time="0.331" /><testcase classname="tests.test_clientes" name="test_public_get_by_slug" time="0.067" /><testcase classname="tests.test_clientes" name="test_public_unknown_slug_404" time="0.146" /></testsuite></testsuites>